1614779303200	geckodriver	INFO	Listening on 127.0.0.1:7385
1614779306265	mozrunner::runner	INFO	Running command: "d:\\Program Files\\Mozilla Firefox\\firefox.exe" "--marionette" "-foreground" "-no-remote" "-profile" "C:\\Users\\muji\\AppData\\Local\\Temp\\rust_mozprofilegUxcil"
JavaScript error: trnpyadit2v.cfg, line 2: ReferenceError: Components is not defined
JavaScript error: resource://gre/modules/XULStore.jsm, line 66: Error: Can't find profile directory.
console.warn: SearchSettings: "get: No settings file exists, new profile?" (new Error("", "(unknown module)"))
1614779310525	Marionette	INFO	Listening on port 7397
1614779311001	Marionette	WARN	TLS certificate errors will be ignored for this session
1614779316812	Marionette	INFO	Stopped listening on port 7397
JavaScript error: resource://activity-stream/lib/ASRouter.jsm, line 988: NS_ERROR_ILLEGAL_VALUE: Component returned failure code: 0x80070057 (NS_ERROR_ILLEGAL_VALUE) [nsIObserverService.removeObserver]

###!!! [Child][RunMessage] Error: Channel closing: too late to send/recv, messages will be lost

[Child 17320, IPC I/O Child] WARNING: pipe error: 232: file /builds/worker/checkouts/gecko/ipc/chromium/src/chrome/common/ipc_channel_win.cc:545
JavaScript error: resource://gre/modules/PageThumbUtils.jsm, line 38: TypeError: aWindow is null
1614779381685	geckodriver	INFO	Listening on 127.0.0.1:7520
1614779384718	mozrunner::runner	INFO	Running command: "d:\\Program Files\\Mozilla Firefox\\firefox.exe" "--marionette" "-foreground" "-no-remote" "-profile" "C:\\Users\\muji\\AppData\\Local\\Temp\\rust_mozprofileROeYLn"
JavaScript error: trnpyadit2v.cfg, line 2: ReferenceError: Components is not defined
JavaScript error: resource://gre/modules/XULStore.jsm, line 66: Error: Can't find profile directory.
console.warn: SearchSettings: "get: No settings file exists, new profile?" (new Error("", "(unknown module)"))
1614779388333	Marionette	INFO	Listening on port 7531
1614779388845	Marionette	WARN	TLS certificate errors will be ignored for this session
1614779398040	Marionette	INFO	Stopped listening on port 7531

###!!! [Child][RunMessage] Error: Channel closing: too late to send/recv, messages will be lost

JavaScript error: resource://gre/modules/PageThumbUtils.jsm, line 38: TypeError: aWindow is null
1614779851183	geckodriver	INFO	Listening on 127.0.0.1:7986
1614779854218	mozrunner::runner	INFO	Running command: "d:\\Program Files\\Mozilla Firefox\\firefox.exe" "--marionette" "-foreground" "-no-remote" "-profile" "C:\\Users\\muji\\AppData\\Local\\Temp\\rust_mozprofileN4nvTa"
JavaScript error: trnpyadit2v.cfg, line 2: ReferenceError: Components is not defined
JavaScript error: resource://gre/modules/XULStore.jsm, line 66: Error: Can't find profile directory.
console.warn: SearchSettings: "get: No settings file exists, new profile?" (new Error("", "(unknown module)"))
1614779857849	Marionette	INFO	Listening on port 7995
1614779858344	Marionette	WARN	TLS certificate errors will be ignored for this session
1614779865320	Marionette	INFO	Stopped listening on port 7995
JavaScript error: resource://activity-stream/lib/ASRouter.jsm, line 988: NS_ERROR_ILLEGAL_VALUE: Component returned failure code: 0x80070057 (NS_ERROR_ILLEGAL_VALUE) [nsIObserverService.removeObserver]

###!!! [Child][RunMessage] Error: Channel closing: too late to send/recv, messages will be lost


###!!! [Child][MessageChannel] Error: (msgtype=0x6B0016,name=PNecko::Msg_PredLearn) Channel closing: too late to send/recv, messages will be lost


###!!! [Child][MessageChannel] Error: (msgtype=0x3A0146,name=PContent::Msg_ScriptError) Channel closing: too late to send/recv, messages will be lost


###!!! [Child][MessageChannel] Error: (msgtype=0x3A0146,name=PContent::Msg_ScriptError) Channel closing: too late to send/recv, messages will be lost


###!!! [Child][RunMessage] Error: Channel closing: too late to send/recv, messages will be lost

JavaScript error: resource://gre/modules/PageThumbUtils.jsm, line 38: TypeError: aWindow is null

###!!! [Child][RunMessage] Error: Channel closing: too late to send/recv, messages will be lost

