time:2021-01-20 20:28:33,115--ERROR:root:用例失败:assert 1 == 2--test_register.py---41
time:2021-01-21 14:08:57,533--ERROR:root:用例失败:assert 2 == 0--test_register.py---51
time:2021-01-22 20:31:44,673--ERROR:root:用例失败:assert 1 == 2--test_register.py---35
time:2021-01-22 20:31:44,878--ERROR:root:用例失败:assert 1 == 2--test_register.py---35
time:2021-01-22 20:31:44,925--ERROR:root:用例失败:assert 1 == 2--test_register.py---35
time:2021-01-22 20:31:44,974--ERROR:root:用例失败:assert 1 == 2--test_register.py---35
time:2021-01-22 20:31:45,078--ERROR:root:用例失败:assert 1 == 2--test_register.py---35
time:2021-01-22 20:31:45,141--ERROR:root:用例失败:assert 1 == 2--test_register.py---35
time:2021-01-25 21:02:17,685--ERROR:root:用例失败:assert 2 == 0--test_register.py---40
time:2021-01-25 21:02:26,210--ERROR:root:用例失败:assert 2 == 0--test_register.py---40
time:2021-01-25 21:02:32,873--ERROR:root:用例失败:assert 2 == 0--test_register.py---40
time:2021-01-25 21:39:30,075--ERROR:root:用例失败:assert 2 == 0--test_register.py---47
time:2021-01-27 21:48:57,395--ERROR:root:assert 'OK' == 'failed'
  - failed
  + OK--test_login.py---38
time:2021-01-27 21:51:39,757--ERROR:root:assert 'OK' == 'failed'
  - failed
  + OK--test_login.py---40
time:2021-01-27 21:53:18,089--ERROR:root:assert 'OK' == 'failed'
  - failed
  + OK--test_login.py---41
time:2021-01-27 21:54:14,434--ERROR:root:assert 'OK' == 'failed'
  - failed
  + OK--test_login.py---41
time:2021-01-27 21:54:14,434--INFO:root:测试数据: {"mobile_phone":"13712341234","pwd":"12345678"}--test_login.py---42
time:2021-05-20 22:12:28,541--ERROR:py36:assert '无效的手机格式' == '账号信息错误'
  - 账号信息错误
  + 无效的手机格式--test_login.py---33
time:2021-05-20 22:12:28,572--INFO:py36:测试数据: {"mobile_phone":"#new_phone#","pwd":"9999999"}--test_login.py---34
time:2021-05-20 22:12:28,810--ERROR:py36:assert '无效的手机格式' == '账号信息错误'
  - 账号信息错误
  + 无效的手机格式--test_login.py---33
time:2021-05-20 22:12:28,810--INFO:py36:测试数据: {"mobile_phone":"#investor_phone#","pwd":"123455677"}--test_login.py---34
time:2021-05-20 22:12:28,906--ERROR:py36:assert '无效的手机格式' == 'OK'
  - OK
  + 无效的手机格式--test_login.py---33
time:2021-05-20 22:12:28,906--INFO:py36:测试数据: {"mobile_phone":"#investor_phone#","pwd":"#investor_pwd#"}--test_login.py---34
time:2021-05-20 22:16:13,827--ERROR:py36:assert '无效的手机格式' == '账号信息错误'
  - 账号信息错误
  + 无效的手机格式--test_login.py---33
time:2021-05-20 22:16:13,831--INFO:py36:测试数据: {"mobile_phone":"#new_phone#","pwd":"9999999"}--test_login.py---34
time:2021-05-20 22:16:14,059--ERROR:py36:assert '无效的手机格式' == '账号信息错误'
  - 账号信息错误
  + 无效的手机格式--test_login.py---33
time:2021-05-20 22:16:14,059--INFO:py36:测试数据: {"mobile_phone":"#investor_phone#","pwd":"123455677"}--test_login.py---34
time:2021-05-20 22:16:14,190--ERROR:py36:assert '无效的手机格式' == 'OK'
  - OK
  + 无效的手机格式--test_login.py---33
time:2021-05-20 22:16:14,190--INFO:py36:测试数据: {"mobile_phone":"#investor_phone#","pwd":"#investor_pwd#"}--test_login.py---34
